#
# There is insufficient memory for the Java Runtime Environment to continue.
# Native memory allocation (mmap) failed to map 264241152 bytes. Error detail: G1 virtual space
# Possible reasons:
#   The system is out of physical RAM or swap space
#   This process is running with CompressedOops enabled, and the Java Heap may be blocking the growth of the native heap
# Possible solutions:
#   Reduce memory load on the system
#   Increase physical memory or swap space
#   Check if swap backing store is full
#   Decrease Java heap size (-Xmx/-Xms)
#   Decrease number of Java threads
#   Decrease Java thread stack sizes (-Xss)
#   Set larger code cache with -XX:ReservedCodeCacheSize=
#   JVM is running with Zero Based Compressed Oops mode in which the Java heap is
#     placed in the first 32GB address space. The Java Heap base address is the
#     maximum limit for the native heap growth. Please use -XX:HeapBaseMinAddress
#     to set the Java Heap base and to place the Java Heap above 32GB virtual address.
# This output file may be truncated or incomplete.
#
#  Out of Memory Error (os_windows.cpp:3925), pid=10188, tid=15744
#
# JRE version:  (21.0.9) (build )
# Java VM: OpenJDK 64-Bit Server VM (21.0.9+-14649483-b1163.86, mixed mode, sharing, tiered, compressed oops, compressed class ptrs, g1 gc, windows-amd64)
# No core dump will be written. Minidumps are not enabled by default on client versions of Windows
#

---------------  S U M M A R Y ------------

Command Line: git4idea.http.GitAskPassApp Username for 'https://github.com': 

Host: 13th Gen Intel(R) Core(TM) i5-1335U, 12 cores, 15G,  Windows 11 , 64 bit Build 26100 (10.0.26100.7920)
Time: Fri Jun 26 01:04:41 2026 India Standard Time elapsed time: 1.039973 seconds (0d 0h 0m 1s)

---------------  T H R E A D  ---------------

Current thread (0x00000231492f2640):  JavaThread "Unknown thread" [_thread_in_vm, id=15744, stack(0x0000008e5b700000,0x0000008e5b800000) (1024K)]

Stack: [0x0000008e5b700000,0x0000008e5b800000]
Native frames: (J=compiled Java code, j=interpreted, Vv=VM code, C=native code)
V  [jvm.dll+0x6d6c99]
V  [jvm.dll+0x866b83]
V  [jvm.dll+0x86919e]
V  [jvm.dll+0x869883]
V  [jvm.dll+0x280776]
V  [jvm.dll+0x6d3555]
V  [jvm.dll+0x6c6bea]
V  [jvm.dll+0x3587fb]
V  [jvm.dll+0x360476]
V  [jvm.dll+0x3b2646]
V  [jvm.dll+0x3b2918]
V  [jvm.dll+0x32af0c]
V  [jvm.dll+0x32bbfb]
V  [jvm.dll+0x82e839]
V  [jvm.dll+0x3bf818]
V  [jvm.dll+0x8179d8]
V  [jvm.dll+0x453cbe]
V  [jvm.dll+0x455421]
C  [jli.dll+0x52ab]
C  [ucrtbase.dll+0x37b0]
C  [KERNEL32.DLL+0x2e8d7]
C  [ntdll.dll+0x8c48c]


---------------  P R O C E S S  ---------------

Threads class SMR info:
_java_thread_list=0x00007ffbc684b988, length=0, elements={
}

Java Threads: ( => current thread )
Total: 0

Other Threads:
  0x000002314b81e950 WorkerThread "GC Thread#0"                     [id=21760, stack(0x0000008e5b800000,0x0000008e5b900000) (1024K)]
  0x000002314b82f350 ConcurrentGCThread "G1 Main Marker"            [id=22068, stack(0x0000008e5b900000,0x0000008e5ba00000) (1024K)]
  0x000002314b830d70 WorkerThread "G1 Conc#0"                       [id=13608, stack(0x0000008e5ba00000,0x0000008e5bb00000) (1024K)]

[error occurred during error reporting (printing all threads), id 0xc0000005, EXCEPTION_ACCESS_VIOLATION (0xc0000005) at pc=0x00007ffbc603dee7]
VM state: not at safepoint (not fully initialized)

VM Mutex/Monitor currently owned by a thread:  ([mutex/lock_event])
[0x00007ffbc68b8790] Heap_lock - owner thread: 0x00000231492f2640

Heap address: 0x0000000704e00000, size: 4018 MB, Compressed Oops mode: Zero based, Oop shift amount: 3

CDS archive(s) mapped at: [0x0000000000000000-0x0000000000000000-0x0000000000000000), size 0, SharedBaseAddress: 0x0000000800000000, ArchiveRelocationMode: 1.
Narrow klass base: 0x0000000000000000, Narrow klass shift: 0, Narrow klass range: 0x0

GC Precious Log:
 CardTable entry size: 512
 Card Set container configuration: InlinePtr #cards 4 size 8 Array Of Cards #cards 16 size 48 Howl #buckets 8 coarsen threshold 3686 Howl Bitmap #cards 512 size 80 coarsen threshold 460 Card regions per heap region 1 cards per card region 4096

Heap:
 garbage-first heap   total 0K, used 0K [0x0000000704e00000, 0x0000000800000000)
  region size 2048K, 0 young (0K), 0 survivors (0K)
 Metaspace       used 0K, committed 0K, reserved 0K
  class space    used 0K, committed 0K, reserved 0K

Heap Regions: E=young(eden), S=young(survivor), O=old, HS=humongous(starts), HC=humongous(continues), CS=collection set, F=free, TAMS=top-at-mark-start, PB=parsable bottom

Card table byte_map: [0x000002315e650000,0x000002315ee30000] _byte_map_base: 0x000002315ae29000

Marking Bits: (CMBitMap*) 0x000002314b81ef60
 Bits: [0x000002315ee30000, 0x0000023162cf8000)

GC Heap History (0 events):
No events

Dll operation events (1 events):
Event: 0.005 Loaded shared library C:\Program Files\Android\Android Studio\jbr\bin\java.dll

Deoptimization events (0 events):
No events

Classes loaded (0 events):
No events

Classes unloaded (0 events):
No events

Classes redefined (0 events):
No events

Internal exceptions (0 events):
No events

ZGC Phase Switch (0 events):
No events

VM Operations (0 events):
No events

Memory protections (0 events):
No events

Nmethod flushes (0 events):
No events

Events (0 events):
No events


Dynamic libraries:
0x00007ff6b8c60000 - 0x00007ff6b8c6a000 	C:\Program Files\Android\Android Studio\jbr\bin\java.exe
0x00007ffc41b80000 - 0x00007ffc41de7000 	C:\WINDOWS\SYSTEM32\ntdll.dll
0x00007ffc408a0000 - 0x00007ffc40969000 	C:\WINDOWS\System32\KERNEL32.DLL
0x00007ffc3f3d0000 - 0x00007ffc3f7c1000 	C:\WINDOWS\System32\KERNELBASE.dll
0x00007ffc3f7d0000 - 0x00007ffc3f91b000 	C:\WINDOWS\System32\ucrtbase.dll
0x00007ffc24a30000 - 0x00007ffc24a48000 	C:\Program Files\Android\Android Studio\jbr\bin\jli.dll
0x00007ffc2fbc0000 - 0x00007ffc2fbdb000 	C:\Program Files\Android\Android Studio\jbr\bin\VCRUNTIME140.dll
0x00007ffc41970000 - 0x00007ffc41b35000 	C:\WINDOWS\System32\USER32.dll
0x00007ffc3eb30000 - 0x00007ffc3eb57000 	C:\WINDOWS\System32\win32u.dll
0x00007ffc23470000 - 0x00007ffc23703000 	C:\WINDOWS\WinSxS\amd64_microsoft.windows.common-controls_6595b64144ccf1df_6.0.26100.8037_none_3e092faae333b53b\COMCTL32.dll
0x00007ffc417a0000 - 0x00007ffc417cb000 	C:\WINDOWS\System32\GDI32.dll
0x00007ffc3fe80000 - 0x00007ffc3ff29000 	C:\WINDOWS\System32\msvcrt.dll
0x00007ffc3e5d0000 - 0x00007ffc3e6fb000 	C:\WINDOWS\System32\gdi32full.dll
0x00007ffc3ea80000 - 0x00007ffc3eb23000 	C:\WINDOWS\System32\msvcp_win.dll
0x00007ffc416f0000 - 0x00007ffc41721000 	C:\WINDOWS\System32\IMM32.DLL
0x00007ffc2fbb0000 - 0x00007ffc2fbbc000 	C:\Program Files\Android\Android Studio\jbr\bin\vcruntime140_1.dll
0x00007ffbdb680000 - 0x00007ffbdb70d000 	C:\Program Files\Android\Android Studio\jbr\bin\msvcp140.dll
0x00007ffbc5d00000 - 0x00007ffbc6996000 	C:\Program Files\Android\Android Studio\jbr\bin\server\jvm.dll
0x00007ffc40020000 - 0x00007ffc400db000 	C:\WINDOWS\System32\ADVAPI32.dll
0x00007ffc40240000 - 0x00007ffc402e7000 	C:\WINDOWS\System32\sechost.dll
0x00007ffc415d0000 - 0x00007ffc416e8000 	C:\WINDOWS\System32\RPCRT4.dll
0x00007ffc40790000 - 0x00007ffc40804000 	C:\WINDOWS\System32\WS2_32.dll
0x00007ffc3e2c0000 - 0x00007ffc3e31e000 	C:\WINDOWS\SYSTEM32\POWRPROF.dll
0x00007ffc35f00000 - 0x00007ffc35f35000 	C:\WINDOWS\SYSTEM32\WINMM.dll
0x00007ffc30ca0000 - 0x00007ffc30cab000 	C:\WINDOWS\SYSTEM32\VERSION.dll
0x00007ffc3e2a0000 - 0x00007ffc3e2b4000 	C:\WINDOWS\SYSTEM32\UMPDC.dll
0x00007ffc3d1f0000 - 0x00007ffc3d20b000 	C:\WINDOWS\SYSTEM32\kernel.appcore.dll
0x00007ffc2fba0000 - 0x00007ffc2fbaa000 	C:\Program Files\Android\Android Studio\jbr\bin\jimage.dll
0x00007ffc24290000 - 0x00007ffc244d2000 	C:\WINDOWS\SYSTEM32\DBGHELP.DLL
0x00007ffc3faf0000 - 0x00007ffc3fe72000 	C:\WINDOWS\System32\combase.dll
0x00007ffc414f0000 - 0x00007ffc415c7000 	C:\WINDOWS\System32\OLEAUT32.dll
0x00007ffc2a5c0000 - 0x00007ffc2a5fb000 	C:\WINDOWS\SYSTEM32\dbgcore.DLL
0x00007ffc3e9d0000 - 0x00007ffc3ea75000 	C:\WINDOWS\System32\bcryptPrimitives.dll
0x00007ffc2fb80000 - 0x00007ffc2fba0000 	C:\Program Files\Android\Android Studio\jbr\bin\java.dll

JVMTI agents: none

dbghelp: loaded successfully - version: 4.0.5 - missing functions: none
symbol engine: initialized successfully - sym options: 0x614 - pdb path: .;C:\Program Files\Android\Android Studio\jbr\bin;C:\WINDOWS\SYSTEM32;C:\WINDOWS\WinSxS\amd64_microsoft.windows.common-controls_6595b64144ccf1df_6.0.26100.8037_none_3e092faae333b53b;C:\Program Files\Android\Android Studio\jbr\bin\server

VM Arguments:
java_command: git4idea.http.GitAskPassApp Username for 'https://github.com': 
java_class_path (initial): C:/Program Files/Android/Android Studio/plugins/vcs-git/lib/git4idea-rt.jar;C:/Program Files/Android/Android Studio/lib/externalProcess-rt.jar
Launcher Type: SUN_STANDARD

[Global flags]
     intx CICompilerCount                          = 4                                         {product} {ergonomic}
     uint ConcGCThreads                            = 3                                         {product} {ergonomic}
     uint G1ConcRefinementThreads                  = 10                                        {product} {ergonomic}
   size_t G1HeapRegionSize                         = 2097152                                   {product} {ergonomic}
    uintx GCDrainStackTargetSize                   = 64                                        {product} {ergonomic}
   size_t InitialHeapSize                          = 264241152                                 {product} {ergonomic}
   size_t MarkStackSize                            = 4194304                                   {product} {ergonomic}
   size_t MaxHeapSize                              = 4213178368                                {product} {ergonomic}
   size_t MinHeapDeltaBytes                        = 2097152                                   {product} {ergonomic}
   size_t MinHeapSize                              = 8388608                                   {product} {ergonomic}
    uintx NonNMethodCodeHeapSize                   = 5839372                                {pd product} {ergonomic}
    uintx NonProfiledCodeHeapSize                  = 122909434                              {pd product} {ergonomic}
    uintx ProfiledCodeHeapSize                     = 122909434                              {pd product} {ergonomic}
    uintx ReservedCodeCacheSize                    = 251658240                              {pd product} {ergonomic}
     bool SegmentedCodeCache                       = true                                      {product} {ergonomic}
   size_t SoftMaxHeapSize                          = 4213178368                             {manageable} {ergonomic}
     bool UseCompressedOops                        = true                           {product lp64_product} {ergonomic}
     bool UseG1GC                                  = true                                      {product} {ergonomic}
     bool UseLargePagesIndividualAllocation        = false                                  {pd product} {ergonomic}

Logging:
Log output configuration:
 #0: stdout all=warning uptime,level,tags foldmultilines=false
 #1: stderr all=off uptime,level,tags foldmultilines=false

Release file:
<release file has not been read>
Environment Variables:
PATH=C:/Program Files/Git/mingw64/libexec/git-core;C:/Program Files/Git/mingw64/libexec/git-core;C:\Program Files\Git\mingw64\bin;C:\Program Files\Git\usr\bin;C:\Users\bhati\bin;C:\Program Files\Common Files\Oracle\Java\javapath;C:\app\bhati\product\11.1.0\db_6\bin;C:\app\bhati\product\11.1.0\db_1\bin;C:\WINDOWS\system32;C:\WINDOWS;C:\WINDOWS\System32\Wbem;C:\WINDOWS\System32\WindowsPowerShell\v1.0\;C:\WINDOWS\System32\OpenSSH\;C:\Program Files\dotnet\;C:\Program Files\Git\cmd;C:\Users\bhati\AppData\Local\Programs\Python\Python314\;C:\Users\bhati\AppData\Local\Programs\Python\Python314\Scripts\;C:\Users\bhati\AppData\Local\Programs\Python\Launcher\;C:\Users\bhati\AppData\Local\Microsoft\WindowsApps;C:\Users\bhati\AppData\Local\Programs\Microsoft VS Code\bin;C:\Users\bhati\AppData\Local\Python\bin;C:\Users\bhati\.dotnet\tools;C:\ProgramData\bhati\GitHubDesktop\bin;C:\Users\bhati\AppData\Local\GitHubDesktop\bin;C:\Users\bhati\AppData\Local\Programs\Kiro\bin;C:\Program Files\JetBrains\IntelliJ IDEA 2026.1.3\bin
USERNAME=bhati
DISPLAY=:0.0
LC_ALL=en_US.UTF-8
TERM=xterm-256color
TMPDIR=C:\Users\bhati\AppData\Local\Temp
OS=Windows_NT
PROCESSOR_IDENTIFIER=Intel64 Family 6 Model 186 Stepping 3, GenuineIntel
TMP=C:\Users\bhati\AppData\Local\Temp
TEMP=C:\Users\bhati\AppData\Local\Temp




Periodic native trim disabled

JNI global refs:
JNI global refs: 0, weak refs: 0

JNI global refs memory usage: 0, weak refs: 0

Process memory usage:
Resident Set Size: 12968K (0% of 16453060K total physical memory with 2853464K free physical memory)

OOME stack traces (most recent first):
Classloader memory used:

---------------  S Y S T E M  ---------------

OS:
 Windows 11 , 64 bit Build 26100 (10.0.26100.7920)
OS uptime: 3 days 0:45 hours
Hyper-V role detected

CPU: total 12 (initial active 12) (6 cores per cpu, 2 threads per core) family 6 model 186 stepping 3 microcode 0x411f, cx8, cmov, fxsr, ht, mmx, 3dnowpref, sse, sse2, sse3, ssse3, sse4.1, sse4.2, popcnt, lzcnt, tsc, tscinvbit, avx, avx2, aes, erms, clmul, bmi1, bmi2, adx, sha, fma, vzeroupper, clflush, clflushopt, clwb, hv, serialize, rdtscp, rdpid, fsrm, f16c, cet_ibt, cet_ss
Processor Information for processor 0
  Max Mhz: 1300, Current Mhz: 1300, Mhz Limit: 1300
Processor Information for processor 1
  Max Mhz: 1300, Current Mhz: 1300, Mhz Limit: 1300
Processor Information for processor 2
  Max Mhz: 1300, Current Mhz: 1300, Mhz Limit: 1300
Processor Information for processor 3
  Max Mhz: 1300, Current Mhz: 1300, Mhz Limit: 1300
Processor Information for processor 4
  Max Mhz: 1300, Current Mhz: 900, Mhz Limit: 897
Processor Information for processor 5
  Max Mhz: 1300, Current Mhz: 900, Mhz Limit: 897
Processor Information for processor 6
  Max Mhz: 1300, Current Mhz: 900, Mhz Limit: 897
Processor Information for processor 7
  Max Mhz: 1300, Current Mhz: 900, Mhz Limit: 897
Processor Information for processor 8
  Max Mhz: 1300, Current Mhz: 900, Mhz Limit: 897
Processor Information for processor 9
  Max Mhz: 1300, Current Mhz: 900, Mhz Limit: 897
Processor Information for processor 10
  Max Mhz: 1300, Current Mhz: 900, Mhz Limit: 897
Processor Information for processor 11
  Max Mhz: 1300, Current Mhz: 900, Mhz Limit: 897

Memory: 4k page, system-wide physical 16067M (2786M free)
TotalPageFile size 16067M (AvailPageFile size 64M)
current process WorkingSet (physical memory assigned to process): 12M, peak: 12M
current process commit charge ("private bytes"): 64M, peak: 316M

vm_info: OpenJDK 64-Bit Server VM (21.0.9+-14649483-b1163.86) for windows-amd64 JRE (21.0.9+-14649483-b1163.86), built on 2025-12-30T22:08:35Z by "builder" with MS VC++ 16.10 / 16.11 (VS2019)

END.
